#
# A fatal error has been detected by the Java Runtime Environment:
#
#  SIGSEGV (0xb) at pc=0x0000000102b6a84e, pid=53242, tid=0x0000000000000307
#
# JRE version: Java(TM) SE Runtime Environment (8.0_251-b08) (build 1.8.0_251-b08)
# Java VM: Java HotSpot(TM) 64-Bit Server VM (25.251-b08 mixed mode bsd-amd64 compressed oops)
# Problematic frame:
# V  [libjvm.dylib+0x16a84e]
#
# Failed to write core dump. Core dumps have been disabled. To enable core dumping, try "ulimit -c unlimited" before starting Java again
#
# If you would like to submit a bug report, please visit:
#   http://bugreport.java.com/bugreport/crash.jsp
#

---------------  T H R E A D  ---------------

Current thread is native thread

siginfo: si_signo: 11 (SIGSEGV), si_code: 1 (SEGV_MAPERR), si_addr: 0x0000000000000270

Registers:
RAX=0x0000000000000000, RBX=0x0000000000000000, RCX=0x0000000109d6ddc0, RDX=0x0000000000000000
RSP=0x00007ffeeda2f210, RBP=0x00007ffeeda2f220, RSI=0x0000000000000006, RDI=0x00007ffeeda2f230
R8 =0x00007fe3daee36a0, R9 =0x000000000000007f, R10=0x0000000100000000, R11=0x00007fff385eceed
R12=0x00007fe3de72eaa0, R13=0x00007fe3de0c4950, R14=0x00007fe3de652118, R15=0x00007fe3da15c1f8
RIP=0x0000000102b6a84e, EFLAGS=0x0000000000010246, ERR=0x0000000000000006
  TRAPNO=0x000000000000000e

Top of Stack: (sp=0x00007ffeeda2f210)
0x00007ffeeda2f210:   0000000000000000 00007fe3de652118
0x00007ffeeda2f220:   00007ffeeda2f250 0000000102d1722e
0x00007ffeeda2f230:   0000000000000000 00007fe3d9716d20
0x00007ffeeda2f240:   00007fe3da15c1f8 0000000000000000
0x00007ffeeda2f250:   00007ffeeda2f270 00007fff385ecf08
0x00007ffeeda2f260:   00007fe3d9716d00 00007fe3da15c1f8
0x00007ffeeda2f270:   00007ffeeda2f290 00007fff385ecd4d
0x00007ffeeda2f280:   00007fe3d9716d00 00007fe3de72eaa0
0x00007ffeeda2f290:   00007ffeeda2f320 000000011f6f4ef5
0x00007ffeeda2f2a0:   0000000000000000 0000000000000000
0x00007ffeeda2f2b0:   0000000000000000 0000000000000000
0x00007ffeeda2f2c0:   4054000000000000 0000000000000000
0x00007ffeeda2f2d0:   4036000000000000 0000000000000000
0x00007ffeeda2f2e0:   0000000000000000 0000000000000000
0x00007ffeeda2f2f0:   0000000000000000 0000000000000000
0x00007ffeeda2f300:   7fffffffffffffff 00007ffeeda2f368
0x00007ffeeda2f310:   00007fe3d9793c20 0000000000000000
0x00007ffeeda2f320:   00007ffeeda2f330 00007fff33cca89f
0x00007ffeeda2f330:   00007ffeeda2f350 00007fff33cca833
0x00007ffeeda2f340:   00007fe3d9772a60 0000000000000000
0x00007ffeeda2f350:   00007ffeeda2f3d0 00007fff33cca7a8
0x00007ffeeda2f360:   00007fe3d9772a60 00007fff9444e500
0x00007ffeeda2f370:   00000000c2000000 00007fff33cca7f4
0x00007ffeeda2f380:   00007fff8b522a80 00007fe3d9772a60
0x00007ffeeda2f390:   00007fe3de0c4950 00007fe3de72eaa0
0x00007ffeeda2f3a0:   0e8a7dcf083200c0 00007ffeeda2f3e7
0x00007ffeeda2f3b0:   00007fe3d9772a60 00007ffeeda2fb90
0x00007ffeeda2f3c0:   00007ffeeda2fb90 0000000000000000
0x00007ffeeda2f3d0:   00007ffeeda2f410 00007fff33cca414
0x00007ffeeda2f3e0:   00007ffeeda2f9e0 0000000000000000
0x00007ffeeda2f3f0:   00007ffeeda2f4a0 00007ffeeda2fb90
0x00007ffeeda2f400:   00007fff6c984660 00007fff6c982800 

Instructions: (pc=0x0000000102b6a84e)
0x0000000102b6a82e:   0e 48 8b 0b 49 8b 56 18 48 63 c0 48 89 0c c2 5b
0x0000000102b6a83e:   41 5e 5d c3 90 90 55 48 89 e5 41 56 53 48 8b 1f
0x0000000102b6a84e:   c7 83 70 02 00 00 05 00 00 00 48 8d 05 89 5c 79
0x0000000102b6a85e:   00 8b 00 83 f8 01 41 89 f6 75 0c 48 8d 0d c6 c7 

Register to memory mapping:

RAX=0x0000000000000000 is an unknown value
RBX=0x0000000000000000 is an unknown value
RCX=0x0000000109d6ddc0 is an unknown value
RDX=0x0000000000000000 is an unknown value
RSP=0x00007ffeeda2f210 is an unknown value
RBP=0x00007ffeeda2f220 is an unknown value
RSI=0x0000000000000006 is an unknown value
RDI=0x00007ffeeda2f230 is an unknown value
R8 =0x00007fe3daee36a0 is an unknown value
R9 =0x000000000000007f is an unknown value
R10=0x0000000100000000 is an unknown value
R11=0x00007fff385eceed: -[JNFWeakJObjectWrapper _getWithEnv:]+0 in /System/Library/Frameworks/JavaVM.framework/Versions/A/Frameworks/JavaNativeFoundation.framework/Versions/A/JavaNativeFoundation at 0x00007fff385e6000
R12=0x00007fe3de72eaa0 is an unknown value
R13=0x00007fe3de0c4950 is an unknown value
R14=0x00007fe3de652118 is a weak global jni handle
R15=0x00007fe3da15c1f8 is an unknown value


Stack: [0x00007ffeed233000,0x00007ffeeda33000],  sp=0x00007ffeeda2f210,  free space=8176k
Native frames: (J=compiled Java code, j=interpreted, Vv=VM code, C=native code)
V  [libjvm.dylib+0x16a84e]
V  [libjvm.dylib+0x31722e]
C  [JavaNativeFoundation+0x6f08]  -[JNFWeakJObjectWrapper _getWithEnv:]+0x1b
C  [JavaNativeFoundation+0x6d4d]  -[JNFJObjectWrapper jObjectWithEnv:]+0x16
C  [libawt_lwawt.dylib+0xbef5]  -[AWTWindow _deliverMoveResizeEvent]+0xa4
C  [CoreFoundation+0x7989f]  __CFNOTIFICATIONCENTER_IS_CALLING_OUT_TO_AN_OBSERVER__+0xc
C  [CoreFoundation+0x79833]  ___CFXRegistrationPost1_block_invoke+0x3f
C  [CoreFoundation+0x797a8]  _CFXRegistrationPost1+0x174
C  [CoreFoundation+0x79414]  ___CFXNotificationPost_block_invoke+0x50
C  [CoreFoundation+0x4958d]  -[_CFXNotificationRegistrar find:object:observer:enumerator:]+0x612
C  [CoreFoundation+0x48a39]  _CFXNotificationPost+0x547
C  [Foundation+0x9786]  -[NSNotificationCenter postNotificationName:object:userInfo:]+0x3b
C  [AppKit+0x9b8fd]  -[NSWindow _setFrameCommon:display:fromServer:]+0xce0
C  [libawt_lwawt.dylib+0xec38]  __Java_sun_lwawt_macosx_CPlatformWindow_nativeSetNSWindowBounds_block_invoke_1+0x11c
C  [JavaNativeFoundation+0x6ff9]  +[JNFRunLoop _performCopiedBlock:]+0xf
C  [Foundation+0x9b0dd]  __NSThreadPerformPerform+0xcc
C  [CoreFoundation+0x83de2]  __CFRUNLOOP_IS_CALLING_OUT_TO_A_SOURCE0_PERFORM_FUNCTION__+0x11
C  [CoreFoundation+0x83d81]  __CFRunLoopDoSource0+0x67
C  [CoreFoundation+0x83b9b]  __CFRunLoopDoSources0+0xd1
C  [CoreFoundation+0x828ca]  __CFRunLoopRun+0x39f
C  [CoreFoundation+0x81ece]  CFRunLoopRunSpecific+0x1ce
C  [java+0x646e]  CreateExecutionEnvironment+0x367
C  [java+0x203c]  JLI_Launch+0x7a0
C  [java+0x84cb]  main+0x65
C  [java+0x1894]  start+0x34


---------------  P R O C E S S  ---------------

VM state:not at safepoint (normal execution)

VM Mutex/Monitor currently owned by a thread: None

heap address: 0x0000000740000000, size: 2048 MB, Compressed Oops mode: Zero based, Oop shift amount: 3
Narrow klass base: 0x0000000000000000, Narrow klass shift: 3
Compressed class space size: 1073741824 Address: 0x00000007c0000000

Heap:
 PSYoungGen      total 38400K, used 29457K [0x0000000795580000, 0x0000000798000000, 0x00000007c0000000)
  eden space 33280K, 73% used [0x0000000795580000,0x0000000796d4c388,0x0000000797600000)
  from space 5120K, 99% used [0x0000000797600000,0x0000000797af8280,0x0000000797b00000)
  to   space 5120K, 0% used [0x0000000797b00000,0x0000000797b00000,0x0000000798000000)
 ParOldGen       total 55296K, used 12968K [0x0000000740000000, 0x0000000743600000, 0x0000000795580000)
  object space 55296K, 23% used [0x0000000740000000,0x0000000740caa3e0,0x0000000743600000)
 Metaspace       used 31119K, capacity 32174K, committed 32256K, reserved 1077248K
  class space    used 4080K, capacity 4337K, committed 4352K, reserved 1048576K

Card table byte_map: [0x0000000103e13000,0x0000000104214000] byte_map_base: 0x0000000100413000

Marking Bits: (ParMarkBitMap*) 0x0000000103300f60
 Begin Bits: [0x00000001044bf000, 0x00000001064bf000)
 End Bits:   [0x00000001064bf000, 0x00000001084bf000)

Polling page: 0x00000001021fa000

CodeCache: size=245760Kb used=11791Kb max_used=12059Kb free=233968Kb
 bounds [0x0000000109da8000, 0x000000010a988000, 0x0000000118da8000]
 total_blobs=4682 nmethods=3760 adapters=835
 compilation: enabled

Compilation events (10 events):
Event: 30.528 Thread 0x00007fe3da829000 nmethod 4118 0x000000010a02d5d0 code [0x000000010a02d740, 0x000000010a02da48]
Event: 30.528 Thread 0x00007fe3da829000 4117       3       java.lang.invoke.LambdaForm$Name::<init> (54 bytes)
Event: 30.529 Thread 0x00007fe3da829000 nmethod 4117 0x000000010a60e790 code [0x000000010a60e900, 0x000000010a60eb30]
Event: 30.548 Thread 0x00007fe3da829000 4120       3       jdk.internal.org.objectweb.asm.MethodVisitor::visitInsn (16 bytes)
Event: 30.548 Thread 0x00007fe3da829000 nmethod 4120 0x000000010a391590 code [0x000000010a391700, 0x000000010a391968]
Event: 30.551 Thread 0x00007fe3da829000 4121       3       jdk.internal.org.objectweb.asm.MethodVisitor::visitMethodInsn (68 bytes)
Event: 30.551 Thread 0x00007fe3da829000 nmethod 4121 0x000000010a43b010 code [0x000000010a43b1c0, 0x000000010a43b668]
Event: 30.552 Thread 0x00007fe3da829000 4123       3       sun.invoke.util.Wrapper::isDoubleWord (15 bytes)
Event: 30.552 Thread 0x00007fe3da829000 nmethod 4123 0x000000010a530e10 code [0x000000010a530f80, 0x000000010a531130]
Event: 30.553 Thread 0x00007fe3da055800 4127       4       jdk.internal.org.objectweb.asm.Item::isEqualTo (354 bytes)

GC Heap History (8 events):
Event: 2.150 GC heap before
{Heap before GC invocations=1 (full 0):
 PSYoungGen      total 38400K, used 33280K [0x0000000795580000, 0x0000000798000000, 0x00000007c0000000)
  eden space 33280K, 100% used [0x0000000795580000,0x0000000797600000,0x0000000797600000)
  from space 5120K, 0% used [0x0000000797b00000,0x0000000797b00000,0x0000000798000000)
  to   space 5120K, 0% used [0x0000000797600000,0x0000000797600000,0x0000000797b00000)
 ParOldGen       total 87552K, used 0K [0x0000000740000000, 0x0000000745580000, 0x0000000795580000)
  object space 87552K, 0% used [0x0000000740000000,0x0000000740000000,0x0000000745580000)
 Metaspace       used 14847K, capacity 15418K, committed 15488K, reserved 1062912K
  class space    used 2207K, capacity 2395K, committed 2432K, reserved 1048576K
Event: 2.158 GC heap after
Heap after GC invocations=1 (full 0):
 PSYoungGen      total 38400K, used 4712K [0x0000000795580000, 0x0000000798000000, 0x00000007c0000000)
  eden space 33280K, 0% used [0x0000000795580000,0x0000000795580000,0x0000000797600000)
  from space 5120K, 92% used [0x0000000797600000,0x0000000797a9a330,0x0000000797b00000)
  to   space 5120K, 0% used [0x0000000797b00000,0x0000000797b00000,0x0000000798000000)
 ParOldGen       total 87552K, used 80K [0x0000000740000000, 0x0000000745580000, 0x0000000795580000)
  object space 87552K, 0% used [0x0000000740000000,0x0000000740014010,0x0000000745580000)
 Metaspace       used 14847K, capacity 15418K, committed 15488K, reserved 1062912K
  class space    used 2207K, capacity 2395K, committed 2432K, reserved 1048576K
}
Event: 12.686 GC heap before
{Heap before GC invocations=2 (full 0):
 PSYoungGen      total 38400K, used 24828K [0x0000000795580000, 0x0000000798000000, 0x00000007c0000000)
  eden space 33280K, 60% used [0x0000000795580000,0x0000000796924dc8,0x0000000797600000)
  from space 5120K, 92% used [0x0000000797600000,0x0000000797a9a330,0x0000000797b00000)
  to   space 5120K, 0% used [0x0000000797b00000,0x0000000797b00000,0x0000000798000000)
 ParOldGen       total 87552K, used 80K [0x0000000740000000, 0x0000000745580000, 0x0000000795580000)
  object space 87552K, 0% used [0x0000000740000000,0x0000000740014010,0x0000000745580000)
 Metaspace       used 20424K, capacity 21134K, committed 21248K, reserved 1067008K
  class space    used 2848K, capacity 3047K, committed 3072K, reserved 1048576K
Event: 12.698 GC heap after
Heap after GC invocations=2 (full 0):
 PSYoungGen      total 38400K, used 5115K [0x0000000795580000, 0x0000000798000000, 0x00000007c0000000)
  eden space 33280K, 0% used [0x0000000795580000,0x0000000795580000,0x0000000797600000)
  from space 5120K, 99% used [0x0000000797b00000,0x0000000797ffee00,0x0000000798000000)
  to   space 5120K, 0% used [0x0000000797600000,0x0000000797600000,0x0000000797b00000)
 ParOldGen       total 87552K, used 8481K [0x0000000740000000, 0x0000000745580000, 0x0000000795580000)
  object space 87552K, 9% used [0x0000000740000000,0x0000000740848738,0x0000000745580000)
 Metaspace       used 20424K, capacity 21134K, committed 21248K, reserved 1067008K
  class space    used 2848K, capacity 3047K, committed 3072K, reserved 1048576K
}
Event: 12.698 GC heap before
{Heap before GC invocations=3 (full 1):
 PSYoungGen      total 38400K, used 5115K [0x0000000795580000, 0x0000000798000000, 0x00000007c0000000)
  eden space 33280K, 0% used [0x0000000795580000,0x0000000795580000,0x0000000797600000)
  from space 5120K, 99% used [0x0000000797b00000,0x0000000797ffee00,0x0000000798000000)
  to   space 5120K, 0% used [0x0000000797600000,0x0000000797600000,0x0000000797b00000)
 ParOldGen       total 87552K, used 8481K [0x0000000740000000, 0x0000000745580000, 0x0000000795580000)
  object space 87552K, 9% used [0x0000000740000000,0x0000000740848738,0x0000000745580000)
 Metaspace       used 20424K, capacity 21134K, committed 21248K, reserved 1067008K
  class space    used 2848K, capacity 3047K, committed 3072K, reserved 1048576K
Event: 12.729 GC heap after
Heap after GC invocations=3 (full 1):
 PSYoungGen      total 38400K, used 0K [0x0000000795580000, 0x0000000798000000, 0x00000007c0000000)
  eden space 33280K, 0% used [0x0000000795580000,0x0000000795580000,0x0000000797600000)
  from space 5120K, 0% used [0x0000000797b00000,0x0000000797b00000,0x0000000798000000)
  to   space 5120K, 0% used [0x0000000797600000,0x0000000797600000,0x0000000797b00000)
 ParOldGen       total 55296K, used 11460K [0x0000000740000000, 0x0000000743600000, 0x0000000795580000)
  object space 55296K, 20% used [0x0000000740000000,0x0000000740b31080,0x0000000743600000)
 Metaspace       used 20424K, capacity 21134K, committed 21248K, reserved 1067008K
  class space    used 2848K, capacity 3047K, committed 3072K, reserved 1048576K
}
Event: 15.039 GC heap before
{Heap before GC invocations=4 (full 1):
 PSYoungGen      total 38400K, used 33280K [0x0000000795580000, 0x0000000798000000, 0x00000007c0000000)
  eden space 33280K, 100% used [0x0000000795580000,0x0000000797600000,0x0000000797600000)
  from space 5120K, 0% used [0x0000000797b00000,0x0000000797b00000,0x0000000798000000)
  to   space 5120K, 0% used [0x0000000797600000,0x0000000797600000,0x0000000797b00000)
 ParOldGen       total 55296K, used 11460K [0x0000000740000000, 0x0000000743600000, 0x0000000795580000)
  object space 55296K, 20% used [0x0000000740000000,0x0000000740b31080,0x0000000743600000)
 Metaspace       used 25007K, capacity 25824K, committed 25856K, reserved 1071104K
  class space    used 3376K, capacity 3572K, committed 3584K, reserved 1048576K
Event: 15.045 GC heap after
Heap after GC invocations=4 (full 1):
 PSYoungGen      total 38400K, used 5088K [0x0000000795580000, 0x0000000798000000, 0x00000007c0000000)
  eden space 33280K, 0% used [0x0000000795580000,0x0000000795580000,0x0000000797600000)
  from space 5120K, 99% used [0x0000000797600000,0x0000000797af8280,0x0000000797b00000)
  to   space 5120K, 0% used [0x0000000797b00000,0x0000000797b00000,0x0000000798000000)
 ParOldGen       total 55296K, used 12968K [0x0000000740000000, 0x0000000743600000, 0x0000000795580000)
  object space 55296K, 23% used [0x0000000740000000,0x0000000740caa3e0,0x0000000743600000)
 Metaspace       used 25007K, capacity 25824K, committed 25856K, reserved 1071104K
  class space    used 3376K, capacity 3572K, committed 3584K, reserved 1048576K
}

Deoptimization events (10 events):
Event: 27.737 Thread 0x00007fe3da15c000 Uncommon trap: reason=class_check action=maybe_recompile pc=0x000000010a4ffda8 method=java.util.regex.Pattern$Curly.match(Ljava/util/regex/Matcher;ILjava/lang/CharSequence;)Z @ 19
Event: 27.737 Thread 0x00007fe3da15c000 Uncommon trap: reason=bimorphic action=maybe_recompile pc=0x000000010a500254 method=java.util.regex.Pattern$Curly.match0(Ljava/util/regex/Matcher;IILjava/lang/CharSequence;)Z @ 141
Event: 27.850 Thread 0x00007fe3da15c000 Uncommon trap: reason=array_check action=maybe_recompile pc=0x0000000109faf538 method=com.sun.javafx.css.CompoundSelector.applies(Ljavafx/css/Styleable;[Ljava/util/Set;I)Z @ 128
Event: 27.857 Thread 0x00007fe3da15c000 Uncommon trap: reason=array_check action=maybe_recompile pc=0x0000000109faf538 method=com.sun.javafx.css.CompoundSelector.applies(Ljavafx/css/Styleable;[Ljava/util/Set;I)Z @ 128
Event: 27.857 Thread 0x00007fe3da15c000 Uncommon trap: reason=array_check action=maybe_recompile pc=0x0000000109faf538 method=com.sun.javafx.css.CompoundSelector.applies(Ljavafx/css/Styleable;[Ljava/util/Set;I)Z @ 128
Event: 27.857 Thread 0x00007fe3da15c000 Uncommon trap: reason=array_check action=maybe_recompile pc=0x0000000109faf538 method=com.sun.javafx.css.CompoundSelector.applies(Ljavafx/css/Styleable;[Ljava/util/Set;I)Z @ 128
Event: 28.023 Thread 0x00007fe3da98b800 Uncommon trap: reason=unstable_if action=reinterpret pc=0x000000010a3a48f8 method=java.util.concurrent.ConcurrentHashMap.putVal(Ljava/lang/Object;Ljava/lang/Object;Z)Ljava/lang/Object; @ 181
Event: 28.034 Thread 0x00007fe3da98b800 Uncommon trap: reason=unstable_if action=reinterpret pc=0x000000010a6c0fec method=java.lang.Integer.parseInt(Ljava/lang/String;I)I @ 108
Event: 28.922 Thread 0x00007fe3da98b800 Uncommon trap: reason=unstable_if action=reinterpret pc=0x000000010a5911c0 method=java.lang.ThreadLocal$ThreadLocalMap.getEntry(Ljava/lang/ThreadLocal;)Ljava/lang/ThreadLocal$ThreadLocalMap$Entry; @ 29
Event: 30.485 Thread 0x00007fe3da98b800 Uncommon trap: reason=unstable_if action=reinterpret pc=0x000000010a576f14 method=java.lang.ref.SoftReference.get()Ljava/lang/Object; @ 6

Classes redefined (0 events):
No events

Internal exceptions (10 events):
Event: 1.101 Thread 0x00007fe3da15c000 Exception <a 'java/lang/NullPointerException'> (0x0000000796328410) thrown at [/jenkins/workspace/8-2-build-macosx-x86_64/jdk8u251/737/hotspot/src/share/vm/prims/jvm.cpp, line 1506]
Event: 1.283 Thread 0x00007fe3da15c000 Exception <a 'java/lang/ArrayIndexOutOfBoundsException'> (0x000000079684cdd8) thrown at [/jenkins/workspace/8-2-build-macosx-x86_64/jdk8u251/737/hotspot/src/share/vm/runtime/sharedRuntime.cpp, line 605]
Event: 1.283 Thread 0x00007fe3da15c000 Exception <a 'java/lang/ArrayIndexOutOfBoundsException'> (0x000000079684d8f0) thrown at [/jenkins/workspace/8-2-build-macosx-x86_64/jdk8u251/737/hotspot/src/share/vm/runtime/sharedRuntime.cpp, line 605]
Event: 1.284 Thread 0x00007fe3da15c000 Exception <a 'java/lang/ArrayIndexOutOfBoundsException'> (0x000000079684ec98) thrown at [/jenkins/workspace/8-2-build-macosx-x86_64/jdk8u251/737/hotspot/src/share/vm/runtime/sharedRuntime.cpp, line 605]
Event: 1.824 Thread 0x00007fe3da15c000 Implicit null exception at 0x000000010a06daf5 to 0x000000010a06dd31
Event: 12.468 Thread 0x00007fe3da15c000 Implicit null exception at 0x000000010a06f7b5 to 0x000000010a06fb71
Event: 14.073 Thread 0x00007fe3da15c000 Implicit null exception at 0x000000010a579938 to 0x000000010a579a89
Event: 27.807 Thread 0x00007fe3da15c000 Exception <a 'java/io/FileNotFoundException'> (0x00000007967e88d8) thrown at [/jenkins/workspace/8-2-build-macosx-x86_64/jdk8u251/737/hotspot/src/share/vm/prims/jni.cpp, line 710]
Event: 27.807 Thread 0x00007fe3da15c000 Exception <a 'java/io/FileNotFoundException'> (0x00000007967e9818) thrown at [/jenkins/workspace/8-2-build-macosx-x86_64/jdk8u251/737/hotspot/src/share/vm/prims/jni.cpp, line 710]
Event: 27.860 Thread 0x00007fe3da985000 Exception <a 'java/io/FileNotFoundException'> (0x000000079699a9d8) thrown at [/jenkins/workspace/8-2-build-macosx-x86_64/jdk8u251/737/hotspot/src/share/vm/prims/jni.cpp, line 710]

Events (10 events):
Event: 30.522 loading class sun/java2d/opengl/CGLLayer
Event: 30.522 loading class sun/java2d/opengl/CGLLayer done
Event: 30.525 loading class sun/lwawt/macosx/CFRetainedResource$CFNativeAction
Event: 30.525 loading class sun/lwawt/macosx/CFRetainedResource$CFNativeAction done
Event: 30.534 Executing VM operation: RevokeBias
Event: 30.534 Executing VM operation: RevokeBias done
Event: 30.548 loading class sun/lwawt/macosx/CWrapper$NSWindow
Event: 30.548 loading class sun/lwawt/macosx/CWrapper$NSWindow done
Event: 30.552 Executing VM operation: RevokeBias
Event: 30.552 Executing VM operation: RevokeBias done


Dynamic libraries:
0x00007fff32db1000 	/System/Library/Frameworks/Cocoa.framework/Versions/A/Cocoa
0x00007fff40599000 	/System/Library/Frameworks/Security.framework/Versions/A/Security
0x00007fff31d18000 	/System/Library/Frameworks/ApplicationServices.framework/Versions/A/ApplicationServices
0x00007fff6d058000 	/usr/lib/libz.1.dylib
0x00007fff6ab1c000 	/usr/lib/libSystem.B.dylib
0x00007fff6c97c000 	/usr/lib/libobjc.A.dylib
0x00007fff33c51000 	/System/Library/Frameworks/CoreFoundation.framework/Versions/A/CoreFoundation
0x00007fff3630b000 	/System/Library/Frameworks/Foundation.framework/Versions/C/Foundation
0x00007fff30f08000 	/System/Library/Frameworks/AppKit.framework/Versions/C/AppKit
0x00007fff33735000 	/System/Library/Frameworks/CoreData.framework/Versions/A/CoreData
0x00007fff64b37000 	/System/Library/PrivateFrameworks/UIFoundation.framework/Versions/A/UIFoundation
0x00007fff5fbdb000 	/System/Library/PrivateFrameworks/RemoteViewServices.framework/Versions/A/RemoteViewServices
0x00007fff6768c000 	/System/Library/PrivateFrameworks/XCTTargetBootstrap.framework/Versions/A/XCTTargetBootstrap
0x00007fff33b20000 	/System/Library/Frameworks/CoreDisplay.framework/Versions/A/CoreDisplay
0x00007fff391c6000 	/System/Library/Frameworks/Metal.framework/Versions/A/Metal
0x00007fff4dbfd000 	/System/Library/PrivateFrameworks/DesktopServicesPriv.framework/Versions/A/DesktopServicesPriv
0x00007fff6bc57000 	/usr/lib/liblangid.dylib
0x00007fff4ce95000 	/System/Library/PrivateFrameworks/CoreSVG.framework/Versions/A/CoreSVG
0x00007fff62d34000 	/System/Library/PrivateFrameworks/SkyLight.framework/Versions/A/SkyLight
0x00007fff340d2000 	/System/Library/Frameworks/CoreGraphics.framework/Versions/A/CoreGraphics
0x00007fff2f8dc000 	/System/Library/Frameworks/Accelerate.framework/Versions/A/Accelerate
0x00007fff6cf49000 	/usr/lib/libxml2.2.dylib
0x00007fff58b74000 	/System/Library/PrivateFrameworks/IconServices.framework/Versions/A/IconServices
0x00007fff36aea000 	/System/Library/Frameworks/IOSurface.framework/Versions/A/IOSurface
0x00007fff6a646000 	/usr/lib/libDiagnosticMessagesClient.dylib
0x00007fff4da57000 	/System/Library/PrivateFrameworks/DFRFoundation.framework/Versions/A/DFRFoundation
0x00007fff6b9e6000 	/usr/lib/libicucore.A.dylib
0x00007fff3204a000 	/System/Library/Frameworks/AudioToolbox.framework/Versions/A/AudioToolbox
0x00007fff3212d000 	/System/Library/Frameworks/AudioUnit.framework/Versions/A/AudioUnit
0x00007fff6ad1e000 	/usr/lib/libauto.dylib
0x00007fff4daf9000 	/System/Library/PrivateFrameworks/DataDetectorsCore.framework/Versions/A/DataDetectorsCore
0x00007fff328d2000 	/System/Library/Frameworks/Carbon.framework/Versions/A/Frameworks/HIToolbox.framework/Versions/A/HIToolbox
0x00007fff3f796000 	/System/Library/Frameworks/QuartzCore.framework/Versions/A/QuartzCore
0x00007fff32c11000 	/System/Library/Frameworks/Carbon.framework/Versions/A/Frameworks/SpeechRecognition.framework/Versions/A/SpeechRecognition
0x00007fff4d56e000 	/System/Library/PrivateFrameworks/CoreUI.framework/Versions/A/CoreUI
0x00007fff331a0000 	/System/Library/Frameworks/CoreAudio.framework/Versions/A/CoreAudio
0x00007fff35fcc000 	/System/Library/Frameworks/DiskArbitration.framework/Versions/A/DiskArbitration
0x00007fff5abc2000 	/System/Library/PrivateFrameworks/MultitouchSupport.framework/Versions/A/MultitouchSupport
0x00007fff6b8ad000 	/usr/lib/libenergytrace.dylib
0x00007fff36a44000 	/System/Library/Frameworks/IOKit.framework/Versions/A/IOKit
0x00007fff35038000 	/System/Library/Frameworks/CoreServices.framework/Versions/A/CoreServices
0x00007fff5cd71000 	/System/Library/PrivateFrameworks/PerformanceAnalysis.framework/Versions/A/PerformanceAnalysis
0x00007fff3e7c9000 	/System/Library/Frameworks/OpenGL.framework/Versions/A/OpenGL
0x00007fff32dbf000 	/System/Library/Frameworks/ColorSync.framework/Versions/A/ColorSync
0x00007fff34754000 	/System/Library/Frameworks/CoreImage.framework/Versions/A/CoreImage
0x00007fff35aab000 	/System/Library/Frameworks/CoreText.framework/Versions/A/CoreText
0x00007fff36b7a000 	/System/Library/Frameworks/ImageIO.framework/Versions/A/ImageIO
0x00007fff6ae02000 	/usr/lib/libc++.1.dylib
0x00007fff6ae7e000 	/usr/lib/libcompression.dylib
0x00007fff6a98a000 	/usr/lib/libMobileGestalt.dylib
0x00007fff648ac000 	/System/Library/PrivateFrameworks/TextureIO.framework/Versions/A/TextureIO
0x00007fff6ac81000 	/usr/lib/libate.dylib
0x00007fff58d7d000 	/System/Library/PrivateFrameworks/InternationalSupport.framework/Versions/A/InternationalSupport
0x00007fff6d918000 	/usr/lib/system/libcache.dylib
0x00007fff6d91e000 	/usr/lib/system/libcommonCrypto.dylib
0x00007fff6d92a000 	/usr/lib/system/libcompiler_rt.dylib
0x00007fff6d932000 	/usr/lib/system/libcopyfile.dylib
0x00007fff6d93c000 	/usr/lib/system/libcorecrypto.dylib
0x00007fff6dadb000 	/usr/lib/system/libdispatch.dylib
0x00007fff6db1c000 	/usr/lib/system/libdyld.dylib
0x00007fff6db53000 	/usr/lib/system/libkeymgr.dylib
0x00007fff6db61000 	/usr/lib/system/liblaunch.dylib
0x00007fff6db62000 	/usr/lib/system/libmacho.dylib
0x00007fff6db68000 	/usr/lib/system/libquarantine.dylib
0x00007fff6db6b000 	/usr/lib/system/libremovefile.dylib
0x00007fff6db6d000 	/usr/lib/system/libsystem_asl.dylib
0x00007fff6db85000 	/usr/lib/system/libsystem_blocks.dylib
0x00007fff6db86000 	/usr/lib/system/libsystem_c.dylib
0x00007fff6dc0e000 	/usr/lib/system/libsystem_configuration.dylib
0x00007fff6dc12000 	/usr/lib/system/libsystem_coreservices.dylib
0x00007fff6dc16000 	/usr/lib/system/libsystem_darwin.dylib
0x00007fff6dc1f000 	/usr/lib/system/libsystem_dnssd.dylib
0x00007fff6dc27000 	/usr/lib/system/libsystem_featureflags.dylib
0x00007fff6dc29000 	/usr/lib/system/libsystem_info.dylib
0x00007fff6dca4000 	/usr/lib/system/libsystem_m.dylib
0x00007fff6dcec000 	/usr/lib/system/libsystem_malloc.dylib
0x00007fff6dd14000 	/usr/lib/system/libsystem_networkextension.dylib
0x00007fff6dd22000 	/usr/lib/system/libsystem_notify.dylib
0x00007fff6dd40000 	/usr/lib/system/libsystem_sandbox.dylib
0x00007fff6dd45000 	/usr/lib/system/libsystem_secinit.dylib
0x00007fff6dc77000 	/usr/lib/system/libsystem_kernel.dylib
0x00007fff6dd2c000 	/usr/lib/system/libsystem_platform.dylib
0x00007fff6dd35000 	/usr/lib/system/libsystem_pthread.dylib
0x00007fff6dd48000 	/usr/lib/system/libsystem_symptoms.dylib
0x00007fff6dd50000 	/usr/lib/system/libsystem_trace.dylib
0x00007fff6dd68000 	/usr/lib/system/libunwind.dylib
0x00007fff6dd6e000 	/usr/lib/system/libxpc.dylib
0x00007fff6ae55000 	/usr/lib/libc++abi.dylib
0x00007fff6bc59000 	/usr/lib/liblzma.5.dylib
0x00007fff6b8d4000 	/usr/lib/libfakelink.dylib
0x00007fff6ac0e000 	/usr/lib/libarchive.2.dylib
0x00007fff4164a000 	/System/Library/Frameworks/SystemConfiguration.framework/Versions/A/SystemConfiguration
0x00007fff6a579000 	/usr/lib/libCRFSuite.dylib
0x00007fff324c3000 	/System/Library/Frameworks/CFNetwork.framework/Versions/A/CFNetwork
0x00007fff6ade4000 	/usr/lib/libbsm.0.dylib
0x00007fff6db54000 	/usr/lib/system/libkxld.dylib
0x00007fff473e3000 	/System/Library/PrivateFrameworks/AppleFSCompression.framework/Versions/A/AppleFSCompression
0x00007fff6b16f000 	/usr/lib/libcoretls.dylib
0x00007fff6b186000 	/usr/lib/libcoretls_cfhelpers.dylib
0x00007fff6c9c2000 	/usr/lib/libpam.2.dylib
0x00007fff6caf7000 	/usr/lib/libsqlite3.dylib
0x00007fff6cf36000 	/usr/lib/libxar.1.dylib
0x00007fff6adf5000 	/usr/lib/libbz2.1.0.dylib
0x00007fff6b8f5000 	/usr/lib/libiconv.2.dylib
0x00007fff6ae6b000 	/usr/lib/libcharset.1.dylib
0x00007fff6c45f000 	/usr/lib/libnetwork.dylib
0x00007fff6c9c9000 	/usr/lib/libpcap.A.dylib
0x00007fff6abc3000 	/usr/lib/libapple_nghttp2.dylib
0x00007fff353ef000 	/System/Library/Frameworks/CoreServices.framework/Versions/A/Frameworks/FSEvents.framework/Versions/A/FSEvents
0x00007fff350bf000 	/System/Library/Frameworks/CoreServices.framework/Versions/A/Frameworks/CarbonCore.framework/Versions/A/CarbonCore
0x00007fff35633000 	/System/Library/Frameworks/CoreServices.framework/Versions/A/Frameworks/Metadata.framework/Versions/A/Metadata
0x00007fff356cc000 	/System/Library/Frameworks/CoreServices.framework/Versions/A/Frameworks/OSServices.framework/Versions/A/OSServices
0x00007fff356fa000 	/System/Library/Frameworks/CoreServices.framework/Versions/A/Frameworks/SearchKit.framework/Versions/A/SearchKit
0x00007fff35039000 	/System/Library/Frameworks/CoreServices.framework/Versions/A/Frameworks/AE.framework/Versions/A/AE
0x00007fff353f8000 	/System/Library/Frameworks/CoreServices.framework/Versions/A/Frameworks/LaunchServices.framework/Versions/A/LaunchServices
0x00007fff353a1000 	/System/Library/Frameworks/CoreServices.framework/Versions/A/Frameworks/DictionaryServices.framework/Versions/A/DictionaryServices
0x00007fff35762000 	/System/Library/Frameworks/CoreServices.framework/Versions/A/Frameworks/SharedFileList.framework/Versions/A/SharedFileList
0x00007fff3a5e9000 	/System/Library/Frameworks/NetFS.framework/Versions/A/NetFS
0x00007fff5b0f2000 	/System/Library/PrivateFrameworks/NetAuth.framework/Versions/A/NetAuth
0x00007fff67a59000 	/System/Library/PrivateFrameworks/login.framework/Versions/A/Frameworks/loginsupport.framework/Versions/A/loginsupport
0x00007fff64377000 	/System/Library/PrivateFrameworks/TCC.framework/Versions/A/TCC
0x00007fff4c008000 	/System/Library/PrivateFrameworks/CoreNLP.framework/Versions/A/CoreNLP
0x00007fff5a5ef000 	/System/Library/PrivateFrameworks/MetadataUtilities.framework/Versions/A/MetadataUtilities
0x00007fff6bd31000 	/usr/lib/libmecabra.dylib
0x00007fff6bc89000 	/usr/lib/libmecab.dylib
0x00007fff6b8e5000 	/usr/lib/libgermantok.dylib
0x00007fff6abaa000 	/usr/lib/libThaiTokenizer.dylib
0x00007fff6a5b0000 	/usr/lib/libChineseTokenizer.dylib
0x00007fff2f8f4000 	/System/Library/Frameworks/Accelerate.framework/Versions/A/Frameworks/vImage.framework/Versions/A/vImage
0x00007fff30d5e000 	/System/Library/Frameworks/Accelerate.framework/Versions/A/Frameworks/vecLib.framework/Versions/A/vecLib
0x00007fff30c9b000 	/System/Library/Frameworks/Accelerate.framework/Versions/A/Frameworks/vecLib.framework/Versions/A/libvMisc.dylib
0x00007fff30ac3000 	/System/Library/Frameworks/Accelerate.framework/Versions/A/Frameworks/vecLib.framework/Versions/A/libvDSP.dylib
0x00007fff2ff4b000 	/System/Library/Frameworks/Accelerate.framework/Versions/A/Frameworks/vecLib.framework/Versions/A/libBLAS.dylib
0x00007fff30687000 	/System/Library/Frameworks/Accelerate.framework/Versions/A/Frameworks/vecLib.framework/Versions/A/libLAPACK.dylib
0x00007fff30a23000 	/System/Library/Frameworks/Accelerate.framework/Versions/A/Frameworks/vecLib.framework/Versions/A/libLinearAlgebra.dylib
0x00007fff30ab0000 	/System/Library/Frameworks/Accelerate.framework/Versions/A/Frameworks/vecLib.framework/Versions/A/libSparseBLAS.dylib
0x00007fff30a39000 	/System/Library/Frameworks/Accelerate.framework/Versions/A/Frameworks/vecLib.framework/Versions/A/libQuadrature.dylib
0x00007fff301b3000 	/System/Library/Frameworks/Accelerate.framework/Versions/A/Frameworks/vecLib.framework/Versions/A/libBNNS.dylib
0x00007fff30a3f000 	/System/Library/Frameworks/Accelerate.framework/Versions/A/Frameworks/vecLib.framework/Versions/A/libSparse.dylib
0x00007fff59165000 	/System/Library/PrivateFrameworks/LanguageModeling.framework/Versions/A/LanguageModeling
0x00007fff4b9b8000 	/System/Library/PrivateFrameworks/CoreEmoji.framework/Versions/A/CoreEmoji
0x00007fff59283000 	/System/Library/PrivateFrameworks/LinguisticData.framework/Versions/A/LinguisticData
0x00007fff59234000 	/System/Library/PrivateFrameworks/Lexicon.framework/Versions/A/Lexicon
0x00007fff6ae6c000 	/usr/lib/libcmph.dylib
0x00007fff3d1d7000 	/System/Library/Frameworks/OpenDirectory.framework/Versions/A/Frameworks/CFOpenDirectory.framework/Versions/A/CFOpenDirectory
0x00007fff3d1f4000 	/System/Library/Frameworks/OpenDirectory.framework/Versions/A/OpenDirectory
0x00007fff45619000 	/System/Library/PrivateFrameworks/APFS.framework/Versions/A/APFS
0x00007fff408e3000 	/System/Library/Frameworks/SecurityFoundation.framework/Versions/A/SecurityFoundation
0x00007fff6cf32000 	/usr/lib/libutil.dylib
0x00007fff4ceed000 	/System/Library/PrivateFrameworks/CoreServicesStore.framework/Versions/A/CoreServicesStore
0x00007fff4099a000 	/System/Library/Frameworks/ServiceManagement.framework/Versions/A/ServiceManagement
0x00007fff48bb2000 	/System/Library/PrivateFrameworks/BackgroundTaskManagement.framework/Versions/A/BackgroundTaskManagement
0x00007fff6d02f000 	/usr/lib/libxslt.1.dylib
0x00007fff47a56000 	/System/Library/PrivateFrameworks/AppleSystemInfo.framework/Versions/A/AppleSystemInfo
0x00007fff36d95000 	/System/Library/Frameworks/ImageIO.framework/Versions/A/Resources/libJPEG.dylib
0x00007fff37051000 	/System/Library/Frameworks/ImageIO.framework/Versions/A/Resources/libTIFF.dylib
0x00007fff37034000 	/System/Library/Frameworks/ImageIO.framework/Versions/A/Resources/libPng.dylib
0x00007fff36cd7000 	/System/Library/Frameworks/ImageIO.framework/Versions/A/Resources/libGIF.dylib
0x00007fff36cdb000 	/System/Library/Frameworks/ImageIO.framework/Versions/A/Resources/libJP2.dylib
0x00007fff3704f000 	/System/Library/Frameworks/ImageIO.framework/Versions/A/Resources/libRadiance.dylib
0x00007fff6b8ae000 	/usr/lib/libexpat.1.dylib
0x00007fff4753e000 	/System/Library/PrivateFrameworks/AppleJPEG.framework/Versions/A/AppleJPEG
0x00007fff501d6000 	/System/Library/PrivateFrameworks/FontServices.framework/libFontParser.dylib
0x00007fff66a5e000 	/System/Library/PrivateFrameworks/WatchdogClient.framework/Versions/A/WatchdogClient
0x00007fff587c0000 	/System/Library/PrivateFrameworks/IOAccelerator.framework/Versions/A/IOAccelerator
0x00007fff39561000 	/System/Library/Frameworks/MetalPerformanceShaders.framework/Versions/A/MetalPerformanceShaders
0x00007fff54f57000 	/System/Library/PrivateFrameworks/GPUWrangler.framework/Versions/A/GPUWrangler
0x00007fff587d5000 	/System/Library/PrivateFrameworks/IOPresentment.framework/Versions/A/IOPresentment
0x00007fff4da6a000 	/System/Library/PrivateFrameworks/DSExternalDisplay.framework/Versions/A/DSExternalDisplay
0x00007fff3db68000 	/System/Library/Frameworks/OpenGL.framework/Versions/A/Libraries/libCoreFSCache.dylib
0x00007fff392ad000 	/System/Library/Frameworks/MetalPerformanceShaders.framework/Frameworks/MPSCore.framework/Versions/A/MPSCore
0x00007fff392eb000 	/System/Library/Frameworks/MetalPerformanceShaders.framework/Frameworks/MPSImage.framework/Versions/A/MPSImage
0x00007fff393b2000 	/System/Library/Frameworks/MetalPerformanceShaders.framework/Frameworks/MPSNeuralNetwork.framework/Versions/A/MPSNeuralNetwork
0x00007fff39376000 	/System/Library/Frameworks/MetalPerformanceShaders.framework/Frameworks/MPSMatrix.framework/Versions/A/MPSMatrix
0x00007fff39511000 	/System/Library/Frameworks/MetalPerformanceShaders.framework/Frameworks/MPSRayIntersector.framework/Versions/A/MPSRayIntersector
0x00007fff3939c000 	/System/Library/Frameworks/MetalPerformanceShaders.framework/Frameworks/MPSNDArray.framework/Versions/A/MPSNDArray
0x00007fff5a63c000 	/System/Library/PrivateFrameworks/MetalTools.framework/Versions/A/MetalTools
0x00007fff467ee000 	/System/Library/PrivateFrameworks/AggregateDictionary.framework/Versions/A/AggregateDictionary
0x00007fff4b402000 	/System/Library/PrivateFrameworks/CoreAnalytics.framework/Versions/A/CoreAnalytics
0x00007fff47975000 	/System/Library/PrivateFrameworks/AppleSauce.framework/Versions/A/AppleSauce
0x00007fff6a86c000 	/usr/lib/libIOReport.dylib
0x00007fff35c63000 	/System/Library/Frameworks/CoreVideo.framework/Versions/A/CoreVideo
0x00007fff563d1000 	/System/Library/PrivateFrameworks/GraphVisualizer.framework/Versions/A/GraphVisualizer
0x00007fff4f71d000 	/System/Library/PrivateFrameworks/FaceCore.framework/Versions/A/FaceCore
0x00007fff3d17e000 	/System/Library/Frameworks/OpenCL.framework/Versions/A/OpenCL
0x00007fff6a68e000 	/usr/lib/libFosl_dynamic.dylib
0x00007fff5bb12000 	/System/Library/PrivateFrameworks/OTSVG.framework/Versions/A/OTSVG
0x00007fff31e1d000 	/System/Library/Frameworks/ApplicationServices.framework/Versions/A/Frameworks/ATS.framework/Versions/A/Resources/libFontRegistry.dylib
0x00007fff503a8000 	/System/Library/PrivateFrameworks/FontServices.framework/libhvf.dylib
0x00007fff3db73000 	/System/Library/Frameworks/OpenGL.framework/Versions/A/Libraries/libGFXShared.dylib
0x00007fff3dd51000 	/System/Library/Frameworks/OpenGL.framework/Versions/A/Libraries/libGLU.dylib
0x00007fff3db7c000 	/System/Library/Frameworks/OpenGL.framework/Versions/A/Libraries/libGL.dylib
0x00007fff3db87000 	/System/Library/Frameworks/OpenGL.framework/Versions/A/Libraries/libGLImage.dylib
0x00007fff3db65000 	/System/Library/Frameworks/OpenGL.framework/Versions/A/Libraries/libCVMSPluginSupport.dylib
0x00007fff3db6e000 	/System/Library/Frameworks/OpenGL.framework/Versions/A/Libraries/libCoreVMClient.dylib
0x00007fff6c300000 	/usr/lib/libncurses.5.4.dylib
0x00007fff31d19000 	/System/Library/Frameworks/ApplicationServices.framework/Versions/A/Frameworks/ATS.framework/Versions/A/ATS
0x00007fff31ee6000 	/System/Library/Frameworks/ApplicationServices.framework/Versions/A/Frameworks/ColorSyncLegacy.framework/Versions/A/ColorSyncLegacy
0x00007fff31f84000 	/System/Library/Frameworks/ApplicationServices.framework/Versions/A/Frameworks/HIServices.framework/Versions/A/HIServices
0x00007fff31fdc000 	/System/Library/Frameworks/ApplicationServices.framework/Versions/A/Frameworks/LangAnalysis.framework/Versions/A/LangAnalysis
0x00007fff31feb000 	/System/Library/Frameworks/ApplicationServices.framework/Versions/A/Frameworks/PrintCore.framework/Versions/A/PrintCore
0x00007fff32031000 	/System/Library/Frameworks/ApplicationServices.framework/Versions/A/Frameworks/QD.framework/Versions/A/QD
0x00007fff3203c000 	/System/Library/Frameworks/ApplicationServices.framework/Versions/A/Frameworks/SpeechSynthesis.framework/Versions/A/SpeechSynthesis
0x00007fff31eb6000 	/System/Library/Frameworks/ApplicationServices.framework/Versions/A/Frameworks/ATSUI.framework/Versions/A/ATSUI
0x00007fff6b744000 	/usr/lib/libcups.2.dylib
0x00007fff385fc000 	/System/Library/Frameworks/Kerberos.framework/Versions/A/Kerberos
0x00007fff3673d000 	/System/Library/Frameworks/GSS.framework/Versions/A/GSS
0x00007fff6ca83000 	/usr/lib/libresolv.9.dylib
0x00007fff5657e000 	/System/Library/PrivateFrameworks/Heimdal.framework/Versions/A/Heimdal
0x00007fff3860f000 	/System/Library/Frameworks/Kerberos.framework/Versions/A/Libraries/libHeimdalProxy.dylib
0x00007fff6b8eb000 	/usr/lib/libheimdal-asn1.dylib
0x00007fff4a89d000 	/System/Library/PrivateFrameworks/CommonAuth.framework/Versions/A/CommonAuth
0x00007fff47af3000 	/System/Library/PrivateFrameworks/AssertionServices.framework/Versions/A/AssertionServices
0x00007fff48695000 	/System/Library/PrivateFrameworks/AudioToolboxCore.framework/Versions/A/AudioToolboxCore
0x00007fff67709000 	/System/Library/PrivateFrameworks/caulk.framework/Versions/A/caulk
0x00007fff48c5e000 	/System/Library/PrivateFrameworks/BaseBoard.framework/Versions/A/BaseBoard
0x00007fff5fd69000 	/System/Library/PrivateFrameworks/RunningBoardServices.framework/Versions/A/RunningBoardServices
0x00007fff5cd7d000 	/System/Library/PrivateFrameworks/PersistentConnection.framework/Versions/A/PersistentConnection
0x00007fff5f763000 	/System/Library/PrivateFrameworks/ProtocolBuffer.framework/Versions/A/ProtocolBuffer
0x00007fff4a8c1000 	/System/Library/PrivateFrameworks/CommonUtilities.framework/Versions/A/CommonUtilities
0x00007fff48dec000 	/System/Library/PrivateFrameworks/Bom.framework/Versions/A/Bom
0x00007fff6a53f000 	/usr/lib/libAudioToolboxUtility.dylib
0x00007fff48bbc000 	/System/Library/PrivateFrameworks/Backup.framework/Versions/A/Backup
0x00007fff4d98b000 	/System/Library/PrivateFrameworks/CrashReporterSupport.framework/Versions/A/CrashReporterSupport
0x00007fff617fa000 	/System/Library/PrivateFrameworks/Sharing.framework/Versions/A/Sharing
0x00007fff47101000 	/System/Library/PrivateFrameworks/Apple80211.framework/Versions/A/Apple80211
0x00007fff488d9000 	/System/Library/PrivateFrameworks/AuthKit.framework/Versions/A/AuthKit
0x00007fff4d69b000 	/System/Library/PrivateFrameworks/CoreUtils.framework/Versions/A/CoreUtils
0x00007fff35ca8000 	/System/Library/Frameworks/CoreWLAN.framework/Versions/A/CoreWLAN
0x00007fff368ca000 	/System/Library/Frameworks/IOBluetooth.framework/Versions/A/IOBluetooth
0x00007fff5a941000 	/System/Library/PrivateFrameworks/MobileKeyBag.framework/Versions/A/MobileKeyBag
0x00007fff4c4a0000 	/System/Library/PrivateFrameworks/CorePhoneNumbers.framework/Versions/A/CorePhoneNumbers
0x00007fff474f1000 	/System/Library/PrivateFrameworks/AppleIDAuthSupport.framework/Versions/A/AppleIDAuthSupport
0x00007fff3a5f6000 	/System/Library/Frameworks/Network.framework/Versions/A/Network
0x00007fff59011000 	/System/Library/PrivateFrameworks/KeychainCircle.framework/Versions/A/KeychainCircle
0x00007fff336fc000 	/System/Library/Frameworks/CoreBluetooth.framework/Versions/A/CoreBluetooth
0x00007fff63877000 	/System/Library/PrivateFrameworks/SpeechRecognitionCore.framework/Versions/A/SpeechRecognitionCore
0x0000000102a00000 	/Library/Java/JavaVirtualMachines/jdk1.8.0_251.jdk/Contents/Home/jre/lib/server/libjvm.dylib
0x00007fff6ce05000 	/usr/lib/libstdc++.6.dylib
0x00000001039be000 	/Library/Java/JavaVirtualMachines/jdk1.8.0_251.jdk/Contents/Home/jre/lib/libverify.dylib
0x00000001039cc000 	/Library/Java/JavaVirtualMachines/jdk1.8.0_251.jdk/Contents/Home/jre/lib/libjava.dylib
0x0000000103a4a000 	/Library/Java/JavaVirtualMachines/jdk1.8.0_251.jdk/Contents/Home/jre/lib/libzip.dylib
0x0000000109373000 	/Library/Java/JavaVirtualMachines/jdk1.8.0_251.jdk/Contents/Home/jre/lib/libprism_es2.dylib
0x00007fff4ceb9000 	/System/Library/PrivateFrameworks/CoreServicesInternal.framework/Versions/A/CoreServicesInternal
0x00007fff3e7d9000 	/System/Library/Frameworks/OpenGL.framework/Versions/A/Resources/GLEngine.bundle/GLEngine
0x00007fff3dbbc000 	/System/Library/Frameworks/OpenGL.framework/Versions/A/Libraries/libGLProgrammability.dylib
0x00007fff28f54000 	/System/Library/Extensions/AppleIntelBDWGraphicsGLDriver.bundle/Contents/MacOS/AppleIntelBDWGraphicsGLDriver
0x00007fff54f4b000 	/System/Library/PrivateFrameworks/GPUSupport.framework/Versions/A/Libraries/libGPUSupportMercury.dylib
0x00007fff3e953000 	/System/Library/Frameworks/OpenGL.framework/Versions/A/Resources/GLRendererFloat.bundle/GLRendererFloat
0x00007fff3d175000 	/System/Library/Frameworks/OpenCL.framework/Versions/A/Libraries/libcldcpuengine.dylib
0x000000010983c000 	/Library/Java/JavaVirtualMachines/jdk1.8.0_251.jdk/Contents/Home/jre/lib/libglass.dylib
0x00007fff361c5000 	/System/Library/Frameworks/FileProvider.framework/Versions/A/FileProvider
0x00007fff30d5f000 	/System/Library/Frameworks/Accounts.framework/Versions/A/Accounts
0x00007fff5527c000 	/System/Library/PrivateFrameworks/GenerationalStorage.framework/Versions/A/GenerationalStorage
0x00007fff4d440000 	/System/Library/PrivateFrameworks/CoreSymbolication.framework/Versions/A/CoreSymbolication
0x00007fff640b7000 	/System/Library/PrivateFrameworks/SymptomDiagnosticReporter.framework/Versions/A/SymptomDiagnosticReporter
0x00007fff46c06000 	/System/Library/PrivateFrameworks/AppContainer.framework/Versions/A/AppContainer
0x00007fff6ca9d000 	/usr/lib/libsandbox.1.dylib
0x00007fff65a02000 	/System/Library/PrivateFrameworks/UserManagement.framework/Versions/A/UserManagement
0x00007fff499a7000 	/System/Library/PrivateFrameworks/ChunkingLibrary.framework/Versions/A/ChunkingLibrary
0x00007fff4dbbf000 	/System/Library/PrivateFrameworks/DebugSymbols.framework/Versions/A/DebugSymbols
0x00007fff46c78000 	/System/Library/PrivateFrameworks/AppSandbox.framework/Versions/A/AppSandbox
0x00007fff61684000 	/System/Library/PrivateFrameworks/SecCodeWrapper.framework/Versions/A/SecCodeWrapper
0x00007fff6a954000 	/usr/lib/libMatch.1.dylib
0x00007fff26d43000 	/System/Library/CoreServices/RawCamera.bundle/Contents/MacOS/RawCamera
0x00007fff5a76b000 	/System/Library/PrivateFrameworks/MobileAsset.framework/Versions/A/MobileAsset
0x00007fff63f5f000 	/System/Library/PrivateFrameworks/StreamingZip.framework/Versions/A/StreamingZip
0x00007fff38a77000 	/System/Library/Frameworks/MediaToolbox.framework/Versions/A/MediaToolbox
0x00007fff4b3b2000 	/System/Library/PrivateFrameworks/CoreAVCHD.framework/Versions/A/CoreAVCHD
0x00007fff389a1000 	/System/Library/Frameworks/MediaAccessibility.framework/Versions/A/MediaAccessibility
0x00007fff59b20000 	/System/Library/PrivateFrameworks/Mangrove.framework/Versions/A/Mangrove
0x00007fff34e70000 	/System/Library/Frameworks/CoreMedia.framework/Versions/A/CoreMedia
0x00007fff59d8c000 	/System/Library/PrivateFrameworks/MediaExperience.framework/Versions/A/MediaExperience
0x00007fff41937000 	/System/Library/Frameworks/VideoToolbox.framework/Versions/A/VideoToolbox
0x00007fff4afdc000 	/System/Library/PrivateFrameworks/CoreAUC.framework/Versions/A/CoreAUC
0x00007fff6caf5000 	/usr/lib/libspindump.dylib
0x00007fff48044000 	/System/Library/PrivateFrameworks/AudioResourceArbitration.framework/Versions/A/AudioResourceArbitration
0x00007fff47a5a000 	/System/Library/PrivateFrameworks/AppleVA.framework/Versions/A/AppleVA
0x00007fff2f8dd000 	/System/Library/Frameworks/Accelerate.framework/Versions/A/Frameworks/vImage.framework/Versions/A/Libraries/libCGInterfaces.dylib
0x000000011b047000 	/usr/lib/libobjc-trampolines.dylib
0x00007fff4fb47000 	/System/Library/PrivateFrameworks/FamilyControls.framework/Versions/A/FamilyControls
0x00007fff4a891000 	/System/Library/PrivateFrameworks/CommerceKit.framework/Versions/A/Frameworks/CommerceCore.framework/Versions/A/CommerceCore
0x00007fff64131000 	/System/Library/PrivateFrameworks/SystemAdministration.framework/Versions/A/SystemAdministration
0x00007fff4e0d5000 	/System/Library/PrivateFrameworks/DiskManagement.framework/Versions/A/DiskManagement
0x00007fff35ef1000 	/System/Library/Frameworks/DirectoryService.framework/Versions/A/DirectoryService
0x00007fff4e00c000 	/System/Library/PrivateFrameworks/DiskImages.framework/Versions/A/DiskImages
0x00007fff5932c000 	/System/Library/PrivateFrameworks/LoginUIKit.framework/Versions/A/Frameworks/LoginUICore.framework/Versions/A/LoginUICore
0x00007fff6a5bb000 	/usr/lib/libCoreStorage.dylib
0x00007fff6b731000 	/usr/lib/libcsfde.dylib
0x00007fff6c9b0000 	/usr/lib/libodfde.dylib
0x00007fff59e17000 	/System/Library/PrivateFrameworks/MediaKit.framework/Versions/A/MediaKit
0x00007fff35efd000 	/System/Library/Frameworks/DiscRecording.framework/Versions/A/DiscRecording
0x00007fff4e28b000 	/System/Library/PrivateFrameworks/EFILogin.framework/Versions/A/EFILogin
0x00007fff5f708000 	/System/Library/PrivateFrameworks/ProtectedCloudStorage.framework/Versions/A/ProtectedCloudStorage
0x00007fff6b7a5000 	/usr/lib/libcurl.4.dylib
0x00007fff6b62a000 	/usr/lib/libcrypto.44.dylib
0x00007fff6cdd5000 	/usr/lib/libssl.46.dylib
0x00007fff38610000 	/System/Library/Frameworks/LDAP.framework/Versions/A/LDAP
0x00007fff64afe000 	/System/Library/PrivateFrameworks/TrustEvaluationAgent.framework/Versions/A/TrustEvaluationAgent
0x00007fff6cae2000 	/usr/lib/libsasl2.2.dylib
0x00007fff4b72c000 	/System/Library/PrivateFrameworks/CoreDaemon.framework/Versions/B/CoreDaemon
0x00007fff47970000 	/System/Library/PrivateFrameworks/AppleSRP.framework/Versions/A/AppleSRP
0x00007fff667ce000 	/System/Library/PrivateFrameworks/ViewBridge.framework/Versions/A/ViewBridge
0x00007fff5030f000 	/System/Library/PrivateFrameworks/FontServices.framework/libTrueTypeScaler.dylib
0x00007fff29455000 	/System/Library/Extensions/AppleIntelBDWGraphicsMTLDriver.bundle/Contents/MacOS/AppleIntelBDWGraphicsMTLDriver
0x00007fff53899000 	/System/Library/PrivateFrameworks/GPUCompiler.framework/Versions/3902/Libraries/libmetal_timestamp.dylib
0x000000011cba7000 	/Library/Java/JavaVirtualMachines/jdk1.8.0_251.jdk/Contents/Home/jre/lib/libjavafx_font.dylib
0x00007fff67a5c000 	/System/Library/PrivateFrameworks/login.framework/Versions/A/login
0x00007fff563fd000 	/System/Library/PrivateFrameworks/HDRProcessing.framework/Versions/A/HDRProcessing
0x000000011ee07000 	/Library/Java/JavaVirtualMachines/jdk1.8.0_251.jdk/Contents/Home/jre/lib/libprism_common.dylib
0x000000011f672000 	/Library/Java/JavaVirtualMachines/jdk1.8.0_251.jdk/Contents/Home/jre/lib/libnet.dylib
0x000000011f699000 	/Library/Java/JavaVirtualMachines/jdk1.8.0_251.jdk/Contents/Home/jre/lib/libsunec.dylib
0x000000011f6c1000 	/Library/Java/JavaVirtualMachines/jdk1.8.0_251.jdk/Contents/Home/jre/lib/libnio.dylib
0x00007fff6ced7000 	/usr/lib/libusrtcp.dylib
0x000000011fde3000 	/Library/Java/JavaVirtualMachines/jdk1.8.0_251.jdk/Contents/Home/jre/lib/libjavafx_iio.dylib
0x000000011f07c000 	/Library/Java/JavaVirtualMachines/jdk1.8.0_251.jdk/Contents/Home/jre/lib/libawt.dylib
0x000000011f4e6000 	/Library/Java/JavaVirtualMachines/jdk1.8.0_251.jdk/Contents/Home/jre/lib/libmlib_image.dylib
0x00007fff385e6000 	/System/Library/Frameworks/JavaVM.framework/Versions/A/Frameworks/JavaNativeFoundation.framework/Versions/A/JavaNativeFoundation
0x00007fff385ef000 	/System/Library/Frameworks/JavaVM.framework/Versions/A/Frameworks/JavaRuntimeSupport.framework/Versions/A/JavaRuntimeSupport
0x00007fff385f7000 	/System/Library/Frameworks/JavaVM.framework/Versions/A/JavaVM
0x00007fff58e28000 	/System/Library/PrivateFrameworks/JavaLaunching.framework/Versions/A/JavaLaunching
0x00007fff328cd000 	/System/Library/Frameworks/Carbon.framework/Versions/A/Carbon
0x00007fff328ce000 	/System/Library/Frameworks/Carbon.framework/Versions/A/Frameworks/CommonPanels.framework/Versions/A/CommonPanels
0x00007fff32bc7000 	/System/Library/Frameworks/Carbon.framework/Versions/A/Frameworks/Help.framework/Versions/A/Help
0x00007fff32bcb000 	/System/Library/Frameworks/Carbon.framework/Versions/A/Frameworks/ImageCapture.framework/Versions/A/ImageCapture
0x00007fff32bd2000 	/System/Library/Frameworks/Carbon.framework/Versions/A/Frameworks/OpenScripting.framework/Versions/A/OpenScripting
0x00007fff32bd1000 	/System/Library/Frameworks/Carbon.framework/Versions/A/Frameworks/Ink.framework/Versions/A/Ink
0x00007fff32c0d000 	/System/Library/Frameworks/Carbon.framework/Versions/A/Frameworks/Print.framework/Versions/A/Print
0x00007fff32c0e000 	/System/Library/Frameworks/Carbon.framework/Versions/A/Frameworks/SecurityHI.framework/Versions/A/SecurityHI
0x000000011f6e9000 	/Library/Java/JavaVirtualMachines/jdk1.8.0_251.jdk/Contents/Home/jre/lib/libawt_lwawt.dylib
0x000000011e31c000 	/Library/Java/JavaVirtualMachines/jdk1.8.0_251.jdk/Contents/Home/jre/lib/libosxapp.dylib
0x00007fff361a6000 	/System/Library/Frameworks/ExceptionHandling.framework/Versions/A/ExceptionHandling
0x0000000120404000 	/Library/Java/JavaVirtualMachines/jdk1.8.0_251.jdk/Contents/Home/jre/lib/libfontmanager.dylib
0x000000011e338000 	/Library/Java/JavaVirtualMachines/jdk1.8.0_251.jdk/Contents/Home/jre/lib/libosxui.dylib

VM Arguments:
jvm_args: -Dfile.encoding=UTF-8 
java_command: /Users/suvinnimnaka/Desktop/RAD/group_project/shared_space/dist/run585167963/shared_space.jar
java_class_path (initial): /Users/suvinnimnaka/Desktop/RAD/group_project/shared_space/dist/run585167963/shared_space.jar
Launcher Type: SUN_STANDARD

Environment Variables:
PATH=/usr/bin:/bin:/usr/sbin:/sbin
SHELL=/bin/bash

Signal Handlers:
SIGSEGV: [libjvm.dylib+0x5bc2ff], sa_mask[0]=11111111011111110111111111111111, sa_flags=SA_ONSTACK|SA_RESTART|SA_SIGINFO
SIGBUS: [libjvm.dylib+0x5bc2ff], sa_mask[0]=11111111011111110111111111111111, sa_flags=SA_RESTART|SA_SIGINFO
SIGFPE: [libjvm.dylib+0x48d41c], sa_mask[0]=11111111011111110111111111111111, sa_flags=SA_RESTART|SA_SIGINFO
SIGPIPE: [libjvm.dylib+0x48d41c], sa_mask[0]=11111111011111110111111111111111, sa_flags=SA_RESTART|SA_SIGINFO
SIGXFSZ: [libjvm.dylib+0x48d41c], sa_mask[0]=11111111011111110111111111111111, sa_flags=SA_RESTART|SA_SIGINFO
SIGILL: [libjvm.dylib+0x48d41c], sa_mask[0]=11111111011111110111111111111111, sa_flags=SA_RESTART|SA_SIGINFO
SIGUSR1: SIG_DFL, sa_mask[0]=00000000000000000000000000000000, sa_flags=none
SIGUSR2: [libjvm.dylib+0x48cf3a], sa_mask[0]=00100000000000000000000000000000, sa_flags=SA_RESTART|SA_SIGINFO
SIGHUP: [libjvm.dylib+0x48b4c5], sa_mask[0]=11111111011111110111111111111111, sa_flags=SA_RESTART|SA_SIGINFO
SIGINT: SIG_IGN, sa_mask[0]=00000000000000000000000000000000, sa_flags=none
SIGTERM: [libjvm.dylib+0x48b4c5], sa_mask[0]=11111111011111110111111111111111, sa_flags=SA_RESTART|SA_SIGINFO
SIGQUIT: [libjvm.dylib+0x48b4c5], sa_mask[0]=11111111011111110111111111111111, sa_flags=SA_RESTART|SA_SIGINFO


---------------  S Y S T E M  ---------------

OS:Bsduname:Darwin 19.5.0 Darwin Kernel Version 19.5.0: Tue May 26 20:41:44 PDT 2020; root:xnu-6153.121.2~2/RELEASE_X86_64 x86_64
rlimit: STACK 8192k, CORE 0k, NPROC 1392, NOFILE 10240, AS infinity
load average:2.37 2.46 2.61

CPU:total 4 (initial active 4) (2 cores per cpu, 2 threads per core) family 6 model 61 stepping 4, cmov, cx8, fxsr, mmx, sse, sse2, sse3, ssse3, sse4.1, sse4.2, popcnt, avx, avx2, aes, clmul, erms, rtm, 3dnowpref, lzcnt, ht, tsc, tscinvbit, bmi1, bmi2, adx

Memory: 4k page, physical 8388608k(66848k free)

/proc/meminfo:


vm_info: Java HotSpot(TM) 64-Bit Server VM (25.251-b08) for bsd-amd64 JRE (1.8.0_251-b08), built on Mar 12 2020 02:36:37 by "java_re" with gcc 4.2.1 (Based on Apple Inc. build 5658) (LLVM build 2336.11.00)

time: Sun Sep 27 21:45:15 2020
timezone: +0530
elapsed time: 30 seconds (0d 0h 0m 30s)

